<?xml version="1.0" encoding="UTF-8"?>
<!-- Generated by org.testng.reporters.JUnitXMLReporter -->
<testsuite hostname="impc1926" name="Test" tests="4" failures="2" timestamp="22 Nov 2016 10:30:18 GMT" time="57.813" errors="0">
  <testcase name="VerifyValidLogin" time="15.955" classname="com.wordpress.Testcases.VerifyWordpressLogin"/>
  <testcase name="loginToWodpress" time="8.711" classname="com.wordpress.Testcases.WordpressLogin">
    <failure type="java.lang.AssertionError" message="Invalid Login expected [true] but found [false]">
      <![CDATA[java.lang.AssertionError: Invalid Login expected [true] but found [false]
	at com.wordpress.Testcases.WordpressLogin.loginToWodpress(WordpressLogin.java:35)
... Removed 28 stack frames]]>
    </failure>
  </testcase> <!-- loginToWodpress -->
  <testcase name="loginToWodpress" time="24.753" classname="com.wordpress.Testcases.WordpressLogin"/>
  <testcase name="loginToWodpress" time="8.177" classname="com.wordpress.Testcases.WordpressLogin">
    <failure type="java.lang.AssertionError" message="Invalid Login expected [true] but found [false]">
      <![CDATA[java.lang.AssertionError: Invalid Login expected [true] but found [false]
	at com.wordpress.Testcases.WordpressLogin.loginToWodpress(WordpressLogin.java:35)
... Removed 28 stack frames]]>
    </failure>
  </testcase> <!-- loginToWodpress -->
</testsuite> <!-- Test -->
