<?xml version="1.0" encoding="UTF-8"?>
<testng-results skipped="14" failed="0" total="14" passed="0">
  <reporter-output>
  </reporter-output>
  <suite name="Default suite" duration-ms="176" started-at="2016-11-25T12:34:49Z" finished-at="2016-11-25T12:34:49Z">
    <groups>
    </groups>
    <test name="Default test" duration-ms="176" started-at="2016-11-25T12:34:49Z" finished-at="2016-11-25T12:34:49Z">
      <class name="com.wordpress.Testcases.WordpressLogin">
        <test-method status="FAIL" signature="setupApplication()[pri:0, instance:com.wordpress.Testcases.WordpressLogin@402e37bc]" name="setupApplication" is-config="true" duration-ms="0" started-at="2016-11-25T18:04:49Z" finished-at="2016-11-25T18:04:49Z">
          <exception class="java.lang.IllegalStateException">
            <message>
              <![CDATA[The driver is not executable: /home/likewise-open/HTCINDIA/mkarthik/workspace/testproject/drivers/chromedriver]]>
            </message>
            <full-stacktrace>
              <![CDATA[java.lang.IllegalStateException: The driver is not executable: /home/likewise-open/HTCINDIA/mkarthik/workspace/testproject/drivers/chromedriver
	at com.google.common.base.Preconditions.checkState(Preconditions.java:199)
	at org.openqa.selenium.remote.service.DriverService.checkExecutable(DriverService.java:125)
	at org.openqa.selenium.remote.service.DriverService.findExecutable(DriverService.java:116)
	at org.openqa.selenium.chrome.ChromeDriverService.access$000(ChromeDriverService.java:32)
	at org.openqa.selenium.chrome.ChromeDriverService$Builder.findDefaultExecutable(ChromeDriverService.java:137)
	at org.openqa.selenium.remote.service.DriverService$Builder.build(DriverService.java:296)
	at org.openqa.selenium.chrome.ChromeDriverService.createDefaultService(ChromeDriverService.java:88)
	at org.openqa.selenium.chrome.ChromeDriver.<init>(ChromeDriver.java:116)
	at lip.BaseClass.driverInitiation(BaseClass.java:47)
	at lip.BaseClass.setupApplication(BaseClass.java:25)
	at sun.reflect.NativeMethodAccessorImpl.invoke0(Native Method)
	at sun.reflect.NativeMethodAccessorImpl.invoke(NativeMethodAccessorImpl.java:62)
	at sun.reflect.DelegatingMethodAccessorImpl.invoke(DelegatingMethodAccessorImpl.java:43)
	at java.lang.reflect.Method.invoke(Method.java:497)
	at org.testng.internal.MethodInvocationHelper.invokeMethod(MethodInvocationHelper.java:100)
	at org.testng.internal.Invoker.invokeConfigurationMethod(Invoker.java:515)
	at org.testng.internal.Invoker.invokeConfigurations(Invoker.java:216)
	at org.testng.internal.Invoker.invokeMethod(Invoker.java:590)
	at org.testng.internal.Invoker.invokeTestMethod(Invoker.java:811)
	at org.testng.internal.Invoker.invokeTestMethods(Invoker.java:1137)
	at org.testng.internal.TestMethodWorker.invokeTestMethods(TestMethodWorker.java:129)
	at org.testng.internal.TestMethodWorker.run(TestMethodWorker.java:112)
	at org.testng.TestRunner.privateRun(TestRunner.java:753)
	at org.testng.TestRunner.run(TestRunner.java:607)
	at org.testng.SuiteRunner.runTest(SuiteRunner.java:368)
	at org.testng.SuiteRunner.runSequentially(SuiteRunner.java:363)
	at org.testng.SuiteRunner.privateRun(SuiteRunner.java:321)
	at org.testng.SuiteRunner.run(SuiteRunner.java:270)
	at org.testng.SuiteRunnerWorker.runSuite(SuiteRunnerWorker.java:52)
	at org.testng.SuiteRunnerWorker.run(SuiteRunnerWorker.java:86)
	at org.testng.TestNG.runSuitesSequentially(TestNG.java:1284)
	at org.testng.TestNG.runSuitesLocally(TestNG.java:1209)
	at org.testng.TestNG.runSuites(TestNG.java:1124)
	at org.testng.TestNG.run(TestNG.java:1096)
	at org.testng.remote.AbstractRemoteTestNG.run(AbstractRemoteTestNG.java:132)
	at org.testng.remote.RemoteTestNG.initAndRun(RemoteTestNG.java:236)
	at org.testng.remote.RemoteTestNG.main(RemoteTestNG.java:81)
]]>
            </full-stacktrace>
          </exception> <!-- java.lang.IllegalStateException -->
          <reporter-output>
          </reporter-output>
        </test-method> <!-- setupApplication -->
        <test-method status="SKIP" signature="loginToWodpress(java.lang.String, java.lang.String)[pri:0, instance:com.wordpress.Testcases.WordpressLogin@402e37bc]" name="loginToWodpress" duration-ms="2" started-at="2016-11-25T18:04:49Z" data-provider="wordpressdata" finished-at="2016-11-25T18:04:49Z">
          <params>
            <param index="0">
              <value>
                <![CDATA[admin]]>
              </value>
            </param>
            <param index="1">
              <value>
                <![CDATA[demo12346464]]>
              </value>
            </param>
          </params>
          <reporter-output>
          </reporter-output>
        </test-method> <!-- loginToWodpress -->
        <test-method status="SKIP" signature="closeBrowser()[pri:0, instance:com.wordpress.Testcases.WordpressLogin@402e37bc]" name="closeBrowser" is-config="true" duration-ms="0" started-at="2016-11-25T18:04:49Z" finished-at="2016-11-25T18:04:49Z">
          <reporter-output>
          </reporter-output>
        </test-method> <!-- closeBrowser -->
        <test-method status="SKIP" signature="setupApplication()[pri:0, instance:com.wordpress.Testcases.WordpressLogin@402e37bc]" name="setupApplication" is-config="true" duration-ms="0" started-at="2016-11-25T18:04:49Z" finished-at="2016-11-25T18:04:49Z">
          <reporter-output>
          </reporter-output>
        </test-method> <!-- setupApplication -->
        <test-method status="SKIP" signature="loginToWodpress(java.lang.String, java.lang.String)[pri:0, instance:com.wordpress.Testcases.WordpressLogin@402e37bc]" name="loginToWodpress" duration-ms="1" started-at="2016-11-25T18:04:49Z" data-provider="wordpressdata" finished-at="2016-11-25T18:04:49Z">
          <params>
            <param index="0">
              <value>
                <![CDATA[admin]]>
              </value>
            </param>
            <param index="1">
              <value>
                <![CDATA[demo123]]>
              </value>
            </param>
          </params>
          <reporter-output>
          </reporter-output>
        </test-method> <!-- loginToWodpress -->
        <test-method status="SKIP" signature="closeBrowser()[pri:0, instance:com.wordpress.Testcases.WordpressLogin@402e37bc]" name="closeBrowser" is-config="true" duration-ms="0" started-at="2016-11-25T18:04:49Z" finished-at="2016-11-25T18:04:49Z">
          <reporter-output>
          </reporter-output>
        </test-method> <!-- closeBrowser -->
        <test-method status="SKIP" signature="loginToWodpress(java.lang.String, java.lang.String)[pri:0, instance:com.wordpress.Testcases.WordpressLogin@402e37bc]" name="loginToWodpress" duration-ms="1" started-at="2016-11-25T18:04:49Z" data-provider="wordpressdata" finished-at="2016-11-25T18:04:49Z">
          <params>
            <param index="0">
              <value>
                <![CDATA[admin]]>
              </value>
            </param>
            <param index="1">
              <value>
                <![CDATA[demo123]]>
              </value>
            </param>
          </params>
          <reporter-output>
          </reporter-output>
        </test-method> <!-- loginToWodpress -->
        <test-method status="SKIP" signature="setupApplication()[pri:0, instance:com.wordpress.Testcases.WordpressLogin@402e37bc]" name="setupApplication" is-config="true" duration-ms="0" started-at="2016-11-25T18:04:49Z" finished-at="2016-11-25T18:04:49Z">
          <reporter-output>
          </reporter-output>
        </test-method> <!-- setupApplication -->
        <test-method status="SKIP" signature="closeBrowser()[pri:0, instance:com.wordpress.Testcases.WordpressLogin@402e37bc]" name="closeBrowser" is-config="true" duration-ms="0" started-at="2016-11-25T18:04:49Z" finished-at="2016-11-25T18:04:49Z">
          <reporter-output>
          </reporter-output>
        </test-method> <!-- closeBrowser -->
        <test-method status="SKIP" signature="setupApplication()[pri:0, instance:com.wordpress.Testcases.WordpressLogin@402e37bc]" name="setupApplication" is-config="true" duration-ms="0" started-at="2016-11-25T18:04:49Z" finished-at="2016-11-25T18:04:49Z">
          <reporter-output>
          </reporter-output>
        </test-method> <!-- setupApplication -->
        <test-method status="SKIP" signature="loginToWodpress(java.lang.String, java.lang.String)[pri:0, instance:com.wordpress.Testcases.WordpressLogin@402e37bc]" name="loginToWodpress" duration-ms="1" started-at="2016-11-25T18:04:49Z" data-provider="wordpressdata" finished-at="2016-11-25T18:04:49Z">
          <params>
            <param index="0">
              <value>
                <![CDATA[admin]]>
              </value>
            </param>
            <param index="1">
              <value>
                <![CDATA[demo123]]>
              </value>
            </param>
          </params>
          <reporter-output>
          </reporter-output>
        </test-method> <!-- loginToWodpress -->
        <test-method status="SKIP" signature="closeBrowser()[pri:0, instance:com.wordpress.Testcases.WordpressLogin@402e37bc]" name="closeBrowser" is-config="true" duration-ms="0" started-at="2016-11-25T18:04:49Z" finished-at="2016-11-25T18:04:49Z">
          <reporter-output>
          </reporter-output>
        </test-method> <!-- closeBrowser -->
        <test-method status="SKIP" signature="loginToWodpress(java.lang.String, java.lang.String)[pri:0, instance:com.wordpress.Testcases.WordpressLogin@402e37bc]" name="loginToWodpress" duration-ms="1" started-at="2016-11-25T18:04:49Z" data-provider="wordpressdata" finished-at="2016-11-25T18:04:49Z">
          <params>
            <param index="0">
              <value>
                <![CDATA[admin]]>
              </value>
            </param>
            <param index="1">
              <value>
                <![CDATA[demo123]]>
              </value>
            </param>
          </params>
          <reporter-output>
          </reporter-output>
        </test-method> <!-- loginToWodpress -->
        <test-method status="SKIP" signature="setupApplication()[pri:0, instance:com.wordpress.Testcases.WordpressLogin@402e37bc]" name="setupApplication" is-config="true" duration-ms="0" started-at="2016-11-25T18:04:49Z" finished-at="2016-11-25T18:04:49Z">
          <reporter-output>
          </reporter-output>
        </test-method> <!-- setupApplication -->
        <test-method status="SKIP" signature="setupApplication()[pri:0, instance:com.wordpress.Testcases.WordpressLogin@402e37bc]" name="setupApplication" is-config="true" duration-ms="0" started-at="2016-11-25T18:04:49Z" finished-at="2016-11-25T18:04:49Z">
          <reporter-output>
          </reporter-output>
        </test-method> <!-- setupApplication -->
        <test-method status="SKIP" signature="closeBrowser()[pri:0, instance:com.wordpress.Testcases.WordpressLogin@402e37bc]" name="closeBrowser" is-config="true" duration-ms="0" started-at="2016-11-25T18:04:49Z" finished-at="2016-11-25T18:04:49Z">
          <reporter-output>
          </reporter-output>
        </test-method> <!-- closeBrowser -->
        <test-method status="SKIP" signature="loginToWodpress(java.lang.String, java.lang.String)[pri:0, instance:com.wordpress.Testcases.WordpressLogin@402e37bc]" name="loginToWodpress" duration-ms="1" started-at="2016-11-25T18:04:49Z" data-provider="wordpressdata" finished-at="2016-11-25T18:04:49Z">
          <params>
            <param index="0">
              <value>
                <![CDATA[admin]]>
              </value>
            </param>
            <param index="1">
              <value>
                <![CDATA[demo123]]>
              </value>
            </param>
          </params>
          <reporter-output>
          </reporter-output>
        </test-method> <!-- loginToWodpress -->
        <test-method status="SKIP" signature="closeBrowser()[pri:0, instance:com.wordpress.Testcases.WordpressLogin@402e37bc]" name="closeBrowser" is-config="true" duration-ms="0" started-at="2016-11-25T18:04:49Z" finished-at="2016-11-25T18:04:49Z">
          <reporter-output>
          </reporter-output>
        </test-method> <!-- closeBrowser -->
        <test-method status="SKIP" signature="setupApplication()[pri:0, instance:com.wordpress.Testcases.WordpressLogin@402e37bc]" name="setupApplication" is-config="true" duration-ms="0" started-at="2016-11-25T18:04:49Z" finished-at="2016-11-25T18:04:49Z">
          <reporter-output>
          </reporter-output>
        </test-method> <!-- setupApplication -->
        <test-method status="SKIP" signature="loginToWodpress(java.lang.String, java.lang.String)[pri:0, instance:com.wordpress.Testcases.WordpressLogin@402e37bc]" name="loginToWodpress" duration-ms="0" started-at="2016-11-25T18:04:49Z" data-provider="wordpressdata" finished-at="2016-11-25T18:04:49Z">
          <params>
            <param index="0">
              <value>
                <![CDATA[admin]]>
              </value>
            </param>
            <param index="1">
              <value>
                <![CDATA[demo123]]>
              </value>
            </param>
          </params>
          <reporter-output>
          </reporter-output>
        </test-method> <!-- loginToWodpress -->
        <test-method status="SKIP" signature="closeBrowser()[pri:0, instance:com.wordpress.Testcases.WordpressLogin@402e37bc]" name="closeBrowser" is-config="true" duration-ms="0" started-at="2016-11-25T18:04:49Z" finished-at="2016-11-25T18:04:49Z">
          <reporter-output>
          </reporter-output>
        </test-method> <!-- closeBrowser -->
        <test-method status="SKIP" signature="setupApplication()[pri:0, instance:com.wordpress.Testcases.WordpressLogin@402e37bc]" name="setupApplication" is-config="true" duration-ms="0" started-at="2016-11-25T18:04:49Z" finished-at="2016-11-25T18:04:49Z">
          <reporter-output>
          </reporter-output>
        </test-method> <!-- setupApplication -->
        <test-method status="SKIP" signature="loginToWodpress(java.lang.String, java.lang.String)[pri:0, instance:com.wordpress.Testcases.WordpressLogin@402e37bc]" name="loginToWodpress" duration-ms="1" started-at="2016-11-25T18:04:49Z" data-provider="wordpressdata" finished-at="2016-11-25T18:04:49Z">
          <params>
            <param index="0">
              <value>
                <![CDATA[admin]]>
              </value>
            </param>
            <param index="1">
              <value>
                <![CDATA[demo123]]>
              </value>
            </param>
          </params>
          <reporter-output>
          </reporter-output>
        </test-method> <!-- loginToWodpress -->
        <test-method status="SKIP" signature="setupApplication()[pri:0, instance:com.wordpress.Testcases.WordpressLogin@402e37bc]" name="setupApplication" is-config="true" duration-ms="0" started-at="2016-11-25T18:04:49Z" finished-at="2016-11-25T18:04:49Z">
          <reporter-output>
          </reporter-output>
        </test-method> <!-- setupApplication -->
        <test-method status="SKIP" signature="closeBrowser()[pri:0, instance:com.wordpress.Testcases.WordpressLogin@402e37bc]" name="closeBrowser" is-config="true" duration-ms="0" started-at="2016-11-25T18:04:49Z" finished-at="2016-11-25T18:04:49Z">
          <reporter-output>
          </reporter-output>
        </test-method> <!-- closeBrowser -->
        <test-method status="SKIP" signature="loginToWodpress(java.lang.String, java.lang.String)[pri:0, instance:com.wordpress.Testcases.WordpressLogin@402e37bc]" name="loginToWodpress" duration-ms="1" started-at="2016-11-25T18:04:49Z" data-provider="wordpressdata" finished-at="2016-11-25T18:04:49Z">
          <params>
            <param index="0">
              <value>
                <![CDATA[admin]]>
              </value>
            </param>
            <param index="1">
              <value>
                <![CDATA[demo123]]>
              </value>
            </param>
          </params>
          <reporter-output>
          </reporter-output>
        </test-method> <!-- loginToWodpress -->
        <test-method status="SKIP" signature="closeBrowser()[pri:0, instance:com.wordpress.Testcases.WordpressLogin@402e37bc]" name="closeBrowser" is-config="true" duration-ms="0" started-at="2016-11-25T18:04:49Z" finished-at="2016-11-25T18:04:49Z">
          <reporter-output>
          </reporter-output>
        </test-method> <!-- closeBrowser -->
        <test-method status="SKIP" signature="loginToWodpress(java.lang.String, java.lang.String)[pri:0, instance:com.wordpress.Testcases.WordpressLogin@402e37bc]" name="loginToWodpress" duration-ms="1" started-at="2016-11-25T18:04:49Z" data-provider="wordpressdata" finished-at="2016-11-25T18:04:49Z">
          <params>
            <param index="0">
              <value>
                <![CDATA[admin]]>
              </value>
            </param>
            <param index="1">
              <value>
                <![CDATA[demo123]]>
              </value>
            </param>
          </params>
          <reporter-output>
          </reporter-output>
        </test-method> <!-- loginToWodpress -->
        <test-method status="SKIP" signature="setupApplication()[pri:0, instance:com.wordpress.Testcases.WordpressLogin@402e37bc]" name="setupApplication" is-config="true" duration-ms="0" started-at="2016-11-25T18:04:49Z" finished-at="2016-11-25T18:04:49Z">
          <reporter-output>
          </reporter-output>
        </test-method> <!-- setupApplication -->
        <test-method status="SKIP" signature="closeBrowser()[pri:0, instance:com.wordpress.Testcases.WordpressLogin@402e37bc]" name="closeBrowser" is-config="true" duration-ms="0" started-at="2016-11-25T18:04:49Z" finished-at="2016-11-25T18:04:49Z">
          <reporter-output>
          </reporter-output>
        </test-method> <!-- closeBrowser -->
        <test-method status="SKIP" signature="loginToWodpress(java.lang.String, java.lang.String)[pri:0, instance:com.wordpress.Testcases.WordpressLogin@402e37bc]" name="loginToWodpress" duration-ms="1" started-at="2016-11-25T18:04:49Z" data-provider="wordpressdata" finished-at="2016-11-25T18:04:49Z">
          <params>
            <param index="0">
              <value>
                <![CDATA[admin]]>
              </value>
            </param>
            <param index="1">
              <value>
                <![CDATA[demo123]]>
              </value>
            </param>
          </params>
          <reporter-output>
          </reporter-output>
        </test-method> <!-- loginToWodpress -->
        <test-method status="SKIP" signature="setupApplication()[pri:0, instance:com.wordpress.Testcases.WordpressLogin@402e37bc]" name="setupApplication" is-config="true" duration-ms="0" started-at="2016-11-25T18:04:49Z" finished-at="2016-11-25T18:04:49Z">
          <reporter-output>
          </reporter-output>
        </test-method> <!-- setupApplication -->
        <test-method status="SKIP" signature="closeBrowser()[pri:0, instance:com.wordpress.Testcases.WordpressLogin@402e37bc]" name="closeBrowser" is-config="true" duration-ms="0" started-at="2016-11-25T18:04:49Z" finished-at="2016-11-25T18:04:49Z">
          <reporter-output>
          </reporter-output>
        </test-method> <!-- closeBrowser -->
        <test-method status="SKIP" signature="loginToWodpress(java.lang.String, java.lang.String)[pri:0, instance:com.wordpress.Testcases.WordpressLogin@402e37bc]" name="loginToWodpress" duration-ms="1" started-at="2016-11-25T18:04:49Z" data-provider="wordpressdata" finished-at="2016-11-25T18:04:49Z">
          <params>
            <param index="0">
              <value>
                <![CDATA[admin]]>
              </value>
            </param>
            <param index="1">
              <value>
                <![CDATA[demo123]]>
              </value>
            </param>
          </params>
          <reporter-output>
          </reporter-output>
        </test-method> <!-- loginToWodpress -->
        <test-method status="SKIP" signature="setupApplication()[pri:0, instance:com.wordpress.Testcases.WordpressLogin@402e37bc]" name="setupApplication" is-config="true" duration-ms="0" started-at="2016-11-25T18:04:49Z" finished-at="2016-11-25T18:04:49Z">
          <reporter-output>
          </reporter-output>
        </test-method> <!-- setupApplication -->
        <test-method status="SKIP" signature="closeBrowser()[pri:0, instance:com.wordpress.Testcases.WordpressLogin@402e37bc]" name="closeBrowser" is-config="true" duration-ms="0" started-at="2016-11-25T18:04:49Z" finished-at="2016-11-25T18:04:49Z">
          <reporter-output>
          </reporter-output>
        </test-method> <!-- closeBrowser -->
        <test-method status="SKIP" signature="setupApplication()[pri:0, instance:com.wordpress.Testcases.WordpressLogin@402e37bc]" name="setupApplication" is-config="true" duration-ms="0" started-at="2016-11-25T18:04:49Z" finished-at="2016-11-25T18:04:49Z">
          <reporter-output>
          </reporter-output>
        </test-method> <!-- setupApplication -->
        <test-method status="SKIP" signature="loginToWodpress(java.lang.String, java.lang.String)[pri:0, instance:com.wordpress.Testcases.WordpressLogin@402e37bc]" name="loginToWodpress" duration-ms="1" started-at="2016-11-25T18:04:49Z" data-provider="wordpressdata" finished-at="2016-11-25T18:04:49Z">
          <params>
            <param index="0">
              <value>
                <![CDATA[admin]]>
              </value>
            </param>
            <param index="1">
              <value>
                <![CDATA[demo123]]>
              </value>
            </param>
          </params>
          <reporter-output>
          </reporter-output>
        </test-method> <!-- loginToWodpress -->
        <test-method status="SKIP" signature="closeBrowser()[pri:0, instance:com.wordpress.Testcases.WordpressLogin@402e37bc]" name="closeBrowser" is-config="true" duration-ms="0" started-at="2016-11-25T18:04:49Z" finished-at="2016-11-25T18:04:49Z">
          <reporter-output>
          </reporter-output>
        </test-method> <!-- closeBrowser -->
        <test-method status="SKIP" signature="setupApplication()[pri:0, instance:com.wordpress.Testcases.WordpressLogin@402e37bc]" name="setupApplication" is-config="true" duration-ms="0" started-at="2016-11-25T18:04:49Z" finished-at="2016-11-25T18:04:49Z">
          <reporter-output>
          </reporter-output>
        </test-method> <!-- setupApplication -->
        <test-method status="SKIP" signature="loginToWodpress(java.lang.String, java.lang.String)[pri:0, instance:com.wordpress.Testcases.WordpressLogin@402e37bc]" name="loginToWodpress" duration-ms="1" started-at="2016-11-25T18:04:49Z" data-provider="wordpressdata" finished-at="2016-11-25T18:04:49Z">
          <params>
            <param index="0">
              <value>
                <![CDATA[admin]]>
              </value>
            </param>
            <param index="1">
              <value>
                <![CDATA[demo123]]>
              </value>
            </param>
          </params>
          <reporter-output>
          </reporter-output>
        </test-method> <!-- loginToWodpress -->
        <test-method status="SKIP" signature="closeBrowser()[pri:0, instance:com.wordpress.Testcases.WordpressLogin@402e37bc]" name="closeBrowser" is-config="true" duration-ms="0" started-at="2016-11-25T18:04:49Z" finished-at="2016-11-25T18:04:49Z">
          <reporter-output>
          </reporter-output>
        </test-method> <!-- closeBrowser -->
      </class> <!-- com.wordpress.Testcases.WordpressLogin -->
    </test> <!-- Default test -->
  </suite> <!-- Default suite -->
</testng-results>
